<?xml version="1.0" encoding="UTF-8"?>
<!-- Generated by org.testng.reporters.JUnitReportReporter -->
<testsuite hostname="LAPTOP-4K258LJ4" failures="0" tests="1" name="pageTest.LoginTest" time="20.634" errors="0" timestamp="2025-07-14T16:58:46 IST" skipped="0">
  <testcase classname="pageTest.LoginTest" name="loginTest" time="20.634"/>
</testsuite> <!-- pageTest.LoginTest -->
