<?xml version="1.0" encoding="UTF-8"?>
<!-- Generated by org.testng.reporters.JUnitReportReporter -->
<testsuite hostname="LAPTOP-4K258LJ4" failures="0" tests="2" name="pageTest.CreateAccountTest" time="37.707" errors="0" timestamp="2025-07-21T17:45:08 IST" skipped="0">
  <testcase classname="pageTest.CreateAccountTest" name="loginTest" time="20.145"/>
  <testcase classname="pageTest.CreateAccountTest" name="loginTest" time="17.562"/>
</testsuite> <!-- pageTest.CreateAccountTest -->
