<?xml version="1.0" encoding="UTF-8"?>
<!-- Generated by org.testng.reporters.JUnitReportReporter -->
<testsuite hostname="LAPTOP-4K258LJ4" failures="0" tests="4" name="pageTest.OpportunityCreationTest" time="60.145" errors="0" timestamp="2025-07-21T17:45:08 IST" skipped="0">
  <testcase classname="pageTest.OpportunityCreationTest" name="f" time="15.147"/>
  <testcase classname="pageTest.OpportunityCreationTest" name="f" time="14.527"/>
  <testcase classname="pageTest.OpportunityCreationTest" name="f" time="14.460"/>
  <testcase classname="pageTest.OpportunityCreationTest" name="f" time="16.011"/>
</testsuite> <!-- pageTest.OpportunityCreationTest -->
