<?xml version="1.0" encoding="UTF-8"?>
<!-- Generated by org.testng.reporters.JUnitReportReporter -->
<testsuite hostname="LAPTOP-4K258LJ4" failures="0" tests="1" name="pageTest.NewTest" time="0.326" errors="0" timestamp="2025-07-19T09:51:16 IST" skipped="0">
  <testcase classname="pageTest.NewTest" name="f" time="0.326"/>
</testsuite> <!-- pageTest.NewTest -->
